{"level":"warn","message":"Found problem in URL SKIPPING https://examsnet.com/test/physical-world-and-measurements/","timestamp":"2022-05-12T00:12:24.934Z"}
{"level":"warn","message":"Found problem in URL SKIPPING https://examsnet.com/test/laws-of-motion/","timestamp":"2022-05-12T00:12:24.938Z"}
{"level":"warn","message":"Found problem in URL SKIPPING https://examsnet.com/test/system-of-particles-and-rotational-motion-part-1/","timestamp":"2022-05-12T00:12:24.938Z"}
{"level":"warn","message":"Found problem in URL SKIPPING https://examsnet.com/test/properties-of-solids-and-liquids-questions-part-2/","timestamp":"2022-05-12T00:12:24.939Z"}
{"level":"warn","message":"Found problem in URL SKIPPING https://examsnet.com/test/thermodynamics/","timestamp":"2022-05-12T00:12:24.940Z"}
{"level":"warn","message":"Found problem in URL SKIPPING https://examsnet.com/test/oscillations/","timestamp":"2022-05-12T00:12:24.940Z"}
{"level":"warn","message":"Found problem in URL SKIPPING https://examsnet.com/test/jee-mains-physics-class-12-electric-charges-and-fields-questions/","timestamp":"2022-05-12T00:12:24.941Z"}
{"level":"warn","message":"Found problem in URL SKIPPING https://examsnet.com/test/jee-mains-physics-class-12-current-electricity-questions-set-1-questions/","timestamp":"2022-05-12T00:12:24.941Z"}
{"level":"warn","message":"Found problem in URL SKIPPING https://examsnet.com/test/jee-mains-physics-class-12-moving-charges-and-magnetism-set-1-questions/","timestamp":"2022-05-12T00:12:24.941Z"}
{"level":"warn","message":"Found problem in URL SKIPPING https://examsnet.com/test/jee-mains-physics-class-12-magnetism-and-matter-questions/","timestamp":"2022-05-12T00:12:24.942Z"}
{"level":"warn","message":"Found problem in URL SKIPPING https://examsnet.com/test/jee-mains-physics-class-12-alternating-currents-questions/","timestamp":"2022-05-12T00:12:24.942Z"}
{"level":"warn","message":"Found problem in URL SKIPPING https://examsnet.com/test/jee-mains-physics-class-12-ray-optics-and-optical-instruments-questions/","timestamp":"2022-05-12T00:12:24.943Z"}
{"level":"warn","message":"Found problem in URL SKIPPING https://examsnet.com/test/jee-mains-physics-class-12-dual-nature-of-matter-and-radiation-questions/","timestamp":"2022-05-12T00:12:24.943Z"}
{"level":"warn","message":"Found problem in URL SKIPPING https://examsnet.com/test/jee-mains-physics-class-12-atoms-and-nuclei-questions-set-2-questions/","timestamp":"2022-05-12T00:12:24.944Z"}
{"level":"warn","message":"Found problem in URL SKIPPING https://examsnet.com/test/jee-mains-physics-class-12-communication-systems-questions/","timestamp":"2022-05-12T00:12:24.945Z"}
{"level":"warn","message":"Found problem in URL SKIPPING https://examsnet.com/test/jee-mains-chemistry-structure-of-atom-questions/","timestamp":"2022-05-12T00:12:24.946Z"}
{"level":"warn","message":"Found problem in URL SKIPPING https://examsnet.com/test/jee-mains-chemistry-chemical-bonding-and-molecular-structure-questions/","timestamp":"2022-05-12T00:12:24.946Z"}
{"level":"warn","message":"Found problem in URL SKIPPING https://examsnet.com/test/jee-mains-chemistry-thermodynamics-questions/","timestamp":"2022-05-12T00:12:24.947Z"}
{"level":"warn","message":"Found problem in URL SKIPPING https://examsnet.com/test/jee-mains-chemistry-equilibrium-questions-part-2-questions/","timestamp":"2022-05-12T00:12:24.947Z"}
{"level":"warn","message":"Found problem in URL SKIPPING https://examsnet.com/test/jee-mains-chemistry-hydrogen-questions/","timestamp":"2022-05-12T00:12:24.947Z"}
{"level":"warn","message":"Found problem in URL SKIPPING https://examsnet.com/test/jee-mains-chemistry-the-p-block-elements-(group-13-14)-questions/","timestamp":"2022-05-12T00:12:24.948Z"}
{"level":"warn","message":"Found problem in URL SKIPPING https://examsnet.com/test/jee-mains-chemistry-hydrocarbons-questions/","timestamp":"2022-05-12T00:12:24.948Z"}
{"level":"warn","message":"Found problem in URL SKIPPING https://examsnet.com/test/jee-mains-chemistry-the-solid-state-questions/","timestamp":"2022-05-12T00:12:24.948Z"}
{"level":"warn","message":"Found problem in URL SKIPPING https://examsnet.com/test/jee-mains-chemistry-electrochemistry-questions/","timestamp":"2022-05-12T00:12:24.949Z"}
{"level":"warn","message":"Found problem in URL SKIPPING https://examsnet.com/test/jee-mains-chemistry-surface-chemistry-questions/","timestamp":"2022-05-12T00:12:24.949Z"}
{"level":"warn","message":"Found problem in URL SKIPPING https://examsnet.com/test/jee-mains-chemistry-the-p-block-elements-(15-18)-questions/","timestamp":"2022-05-12T00:12:24.950Z"}
{"level":"warn","message":"Found problem in URL SKIPPING https://examsnet.com/test/jee-mains-chemistry-co-ordination-compounds-questions/","timestamp":"2022-05-12T00:12:24.950Z"}
{"level":"warn","message":"Found problem in URL SKIPPING https://examsnet.com/test/jee-mains-chemistry-haloalkanes-and-haloarenes-questions/","timestamp":"2022-05-12T00:12:24.951Z"}
{"level":"warn","message":"Found problem in URL SKIPPING https://examsnet.com/test/jee-mains-chemistry-aldehydes-ketones-and-carboxylic-acids-questions/","timestamp":"2022-05-12T00:12:24.951Z"}
{"level":"warn","message":"Found problem in URL SKIPPING https://examsnet.com/test/jee-mains-chemistry-amines-questions/","timestamp":"2022-05-12T00:12:24.952Z"}
{"level":"warn","message":"Found problem in URL SKIPPING https://examsnet.com/test/jee-mains-chemistry-polymers-questions/","timestamp":"2022-05-12T00:12:24.952Z"}
{"level":"warn","message":"Found problem in URL SKIPPING https://examsnet.com/test/jee-mains-chemistry-analytical-chemistry-questions/","timestamp":"2022-05-12T00:12:24.953Z"}
{"level":"warn","message":"Found problem in URL SKIPPING https://examsnet.com/test/jee-mains-math-class-11-relations-and-functions-questions/","timestamp":"2022-05-12T00:12:24.953Z"}
{"level":"warn","message":"Found problem in URL SKIPPING https://examsnet.com/test/jee-mains-math-class-11-principles-of-mathematical-induction-questions/","timestamp":"2022-05-12T00:12:24.954Z"}
{"level":"warn","message":"Found problem in URL SKIPPING https://examsnet.com/test/jee-mains-math-class-11-complex-numbers-and-quadratic-equations-part-2-questions/","timestamp":"2022-05-12T00:12:24.954Z"}
{"level":"warn","message":"Found problem in URL SKIPPING https://examsnet.com/test/jee-mains-math-class-11-permutations-and-combinations-questions/","timestamp":"2022-05-12T00:12:24.955Z"}
{"level":"warn","message":"Found problem in URL SKIPPING https://examsnet.com/test/jee-mains-math-class-11-sequences-and-series-questions-part-1-questions/","timestamp":"2022-05-12T00:12:24.955Z"}
{"level":"warn","message":"Found problem in URL SKIPPING https://examsnet.com/test/jee-mains-math-class-11-straight-lines-and-pair-of-straight-lines-questions/","timestamp":"2022-05-12T00:12:24.955Z"}
{"level":"warn","message":"Found problem in URL SKIPPING https://examsnet.com/test/jee-mains-math-class-11-conic-sections-questions-part-2-questions/","timestamp":"2022-05-12T00:12:24.956Z"}
{"level":"warn","message":"Found problem in URL SKIPPING https://examsnet.com/test/jee-mains-math-class-12-limits-and-derivatives-questions/","timestamp":"2022-05-12T00:12:24.956Z"}
{"level":"warn","message":"Found problem in URL SKIPPING https://examsnet.com/test/jee-mains-math-class-12-statistics-questions/","timestamp":"2022-05-12T00:12:24.957Z"}
{"level":"warn","message":"Found problem in URL SKIPPING https://examsnet.com/test/jee-mains-math-class-12-relations-and-functions-questions/","timestamp":"2022-05-12T00:12:24.957Z"}
{"level":"warn","message":"Found problem in URL SKIPPING https://examsnet.com/test/jee-mains-math-class-12-matrices-questions/","timestamp":"2022-05-12T00:12:24.957Z"}
{"level":"warn","message":"Found problem in URL SKIPPING https://examsnet.com/test/jee-mains-math-class-12-determinants-questions-part-2-questions/","timestamp":"2022-05-12T00:12:24.958Z"}
{"level":"warn","message":"Found problem in URL SKIPPING https://examsnet.com/test/jee-mains-math-class-12-continuity-and-differentiability-questions-part-2-questions/","timestamp":"2022-05-12T00:12:24.958Z"}
{"level":"warn","message":"Found problem in URL SKIPPING https://examsnet.com/test/jee-mains-math-class-12-application-of-derivatives-questions-part-2-questions/","timestamp":"2022-05-12T00:12:24.959Z"}
{"level":"warn","message":"Found problem in URL SKIPPING https://examsnet.com/test/jee-mains-math-class-12-integrals-questions-part-2-questions/","timestamp":"2022-05-12T00:12:24.959Z"}
{"level":"warn","message":"Found problem in URL SKIPPING https://examsnet.com/test/jee-mains-math-class-12-differential-equations-questions/","timestamp":"2022-05-12T00:12:24.960Z"}
{"level":"warn","message":"Found problem in URL SKIPPING https://examsnet.com/test/jee-mains-math-class-12-vector-algebra-questions-part-2-questions/","timestamp":"2022-05-12T00:12:24.960Z"}
{"level":"warn","message":"Found problem in URL SKIPPING https://examsnet.com/test/jee-mains-math-class-12-three-dimensional-geometry-questions-part-2-questions/","timestamp":"2022-05-12T00:12:24.961Z"}
{"level":"warn","message":"Found problem in URL SKIPPING https://examsnet.com/test/physical-world-and-measurements/","timestamp":"2022-05-12T00:13:26.827Z"}
{"level":"warn","message":"Found problem in URL SKIPPING https://examsnet.com/test/laws-of-motion/","timestamp":"2022-05-12T00:13:26.829Z"}
{"level":"warn","message":"Found problem in URL SKIPPING https://examsnet.com/test/system-of-particles-and-rotational-motion-part-1/","timestamp":"2022-05-12T00:13:26.829Z"}
{"level":"warn","message":"Found problem in URL SKIPPING https://examsnet.com/test/properties-of-solids-and-liquids-questions-part-2/","timestamp":"2022-05-12T00:13:26.830Z"}
{"level":"warn","message":"Found problem in URL SKIPPING https://examsnet.com/test/thermodynamics/","timestamp":"2022-05-12T00:13:26.830Z"}
{"level":"warn","message":"Found problem in URL SKIPPING https://examsnet.com/test/oscillations/","timestamp":"2022-05-12T00:13:26.830Z"}
{"level":"warn","message":"Found problem in URL SKIPPING https://examsnet.com/test/jee-mains-physics-class-12-electric-charges-and-fields-questions/","timestamp":"2022-05-12T00:13:26.831Z"}
{"level":"warn","message":"Found problem in URL SKIPPING https://examsnet.com/test/jee-mains-physics-class-12-current-electricity-questions-set-1-questions/","timestamp":"2022-05-12T00:13:26.831Z"}
{"level":"warn","message":"Found problem in URL SKIPPING https://examsnet.com/test/jee-mains-physics-class-12-moving-charges-and-magnetism-set-1-questions/","timestamp":"2022-05-12T00:13:26.832Z"}
{"level":"warn","message":"Found problem in URL SKIPPING https://examsnet.com/test/jee-mains-physics-class-12-magnetism-and-matter-questions/","timestamp":"2022-05-12T00:13:26.833Z"}
{"level":"warn","message":"Found problem in URL SKIPPING https://examsnet.com/test/jee-mains-physics-class-12-alternating-currents-questions/","timestamp":"2022-05-12T00:13:26.833Z"}
{"level":"warn","message":"Found problem in URL SKIPPING https://examsnet.com/test/jee-mains-physics-class-12-ray-optics-and-optical-instruments-questions/","timestamp":"2022-05-12T00:13:26.833Z"}
{"level":"warn","message":"Found problem in URL SKIPPING https://examsnet.com/test/jee-mains-physics-class-12-dual-nature-of-matter-and-radiation-questions/","timestamp":"2022-05-12T00:13:26.834Z"}
{"level":"warn","message":"Found problem in URL SKIPPING https://examsnet.com/test/jee-mains-physics-class-12-atoms-and-nuclei-questions-set-2-questions/","timestamp":"2022-05-12T00:13:26.834Z"}
{"level":"warn","message":"Found problem in URL SKIPPING https://examsnet.com/test/jee-mains-physics-class-12-communication-systems-questions/","timestamp":"2022-05-12T00:13:26.835Z"}
{"level":"warn","message":"Found problem in URL SKIPPING https://examsnet.com/test/jee-mains-chemistry-structure-of-atom-questions/","timestamp":"2022-05-12T00:13:26.835Z"}
{"level":"warn","message":"Found problem in URL SKIPPING https://examsnet.com/test/jee-mains-chemistry-chemical-bonding-and-molecular-structure-questions/","timestamp":"2022-05-12T00:13:26.835Z"}
{"level":"warn","message":"Found problem in URL SKIPPING https://examsnet.com/test/jee-mains-chemistry-thermodynamics-questions/","timestamp":"2022-05-12T00:13:26.836Z"}
{"level":"warn","message":"Found problem in URL SKIPPING https://examsnet.com/test/jee-mains-chemistry-equilibrium-questions-part-2-questions/","timestamp":"2022-05-12T00:13:26.836Z"}
{"level":"warn","message":"Found problem in URL SKIPPING https://examsnet.com/test/jee-mains-chemistry-hydrogen-questions/","timestamp":"2022-05-12T00:13:26.836Z"}
{"level":"warn","message":"Found problem in URL SKIPPING https://examsnet.com/test/jee-mains-chemistry-the-p-block-elements-(group-13-14)-questions/","timestamp":"2022-05-12T00:13:26.837Z"}
{"level":"warn","message":"Found problem in URL SKIPPING https://examsnet.com/test/jee-mains-chemistry-hydrocarbons-questions/","timestamp":"2022-05-12T00:13:26.837Z"}
{"level":"warn","message":"Found problem in URL SKIPPING https://examsnet.com/test/jee-mains-chemistry-the-solid-state-questions/","timestamp":"2022-05-12T00:13:26.837Z"}
{"level":"warn","message":"Found problem in URL SKIPPING https://examsnet.com/test/jee-mains-chemistry-electrochemistry-questions/","timestamp":"2022-05-12T00:13:26.837Z"}
{"level":"warn","message":"Found problem in URL SKIPPING https://examsnet.com/test/jee-mains-chemistry-surface-chemistry-questions/","timestamp":"2022-05-12T00:13:26.837Z"}
{"level":"warn","message":"Found problem in URL SKIPPING https://examsnet.com/test/jee-mains-chemistry-the-p-block-elements-(15-18)-questions/","timestamp":"2022-05-12T00:13:26.838Z"}
{"level":"warn","message":"Found problem in URL SKIPPING https://examsnet.com/test/jee-mains-chemistry-co-ordination-compounds-questions/","timestamp":"2022-05-12T00:13:26.838Z"}
{"level":"warn","message":"Found problem in URL SKIPPING https://examsnet.com/test/jee-mains-chemistry-haloalkanes-and-haloarenes-questions/","timestamp":"2022-05-12T00:13:26.838Z"}
{"level":"warn","message":"Found problem in URL SKIPPING https://examsnet.com/test/jee-mains-chemistry-aldehydes-ketones-and-carboxylic-acids-questions/","timestamp":"2022-05-12T00:13:26.839Z"}
{"level":"warn","message":"Found problem in URL SKIPPING https://examsnet.com/test/jee-mains-chemistry-amines-questions/","timestamp":"2022-05-12T00:13:26.839Z"}
{"level":"warn","message":"Found problem in URL SKIPPING https://examsnet.com/test/jee-mains-chemistry-polymers-questions/","timestamp":"2022-05-12T00:13:26.839Z"}
{"level":"warn","message":"Found problem in URL SKIPPING https://examsnet.com/test/jee-mains-chemistry-analytical-chemistry-questions/","timestamp":"2022-05-12T00:13:26.839Z"}
{"level":"warn","message":"Found problem in URL SKIPPING https://examsnet.com/test/jee-mains-math-class-11-relations-and-functions-questions/","timestamp":"2022-05-12T00:13:26.839Z"}
{"level":"warn","message":"Found problem in URL SKIPPING https://examsnet.com/test/jee-mains-math-class-11-principles-of-mathematical-induction-questions/","timestamp":"2022-05-12T00:13:26.840Z"}
{"level":"warn","message":"Found problem in URL SKIPPING https://examsnet.com/test/jee-mains-math-class-11-complex-numbers-and-quadratic-equations-part-2-questions/","timestamp":"2022-05-12T00:13:26.840Z"}
{"level":"warn","message":"Found problem in URL SKIPPING https://examsnet.com/test/jee-mains-math-class-11-permutations-and-combinations-questions/","timestamp":"2022-05-12T00:13:26.840Z"}
{"level":"warn","message":"Found problem in URL SKIPPING https://examsnet.com/test/jee-mains-math-class-11-sequences-and-series-questions-part-1-questions/","timestamp":"2022-05-12T00:13:26.841Z"}
{"level":"warn","message":"Found problem in URL SKIPPING https://examsnet.com/test/jee-mains-math-class-11-straight-lines-and-pair-of-straight-lines-questions/","timestamp":"2022-05-12T00:13:26.841Z"}
{"level":"warn","message":"Found problem in URL SKIPPING https://examsnet.com/test/jee-mains-math-class-11-conic-sections-questions-part-2-questions/","timestamp":"2022-05-12T00:13:26.841Z"}
{"level":"warn","message":"Found problem in URL SKIPPING https://examsnet.com/test/jee-mains-math-class-12-limits-and-derivatives-questions/","timestamp":"2022-05-12T00:13:26.841Z"}
{"level":"warn","message":"Found problem in URL SKIPPING https://examsnet.com/test/jee-mains-math-class-12-statistics-questions/","timestamp":"2022-05-12T00:13:26.842Z"}
{"level":"warn","message":"Found problem in URL SKIPPING https://examsnet.com/test/jee-mains-math-class-12-relations-and-functions-questions/","timestamp":"2022-05-12T00:13:26.842Z"}
{"level":"warn","message":"Found problem in URL SKIPPING https://examsnet.com/test/jee-mains-math-class-12-matrices-questions/","timestamp":"2022-05-12T00:13:26.842Z"}
{"level":"warn","message":"Found problem in URL SKIPPING https://examsnet.com/test/jee-mains-math-class-12-determinants-questions-part-2-questions/","timestamp":"2022-05-12T00:13:26.843Z"}
{"level":"warn","message":"Found problem in URL SKIPPING https://examsnet.com/test/jee-mains-math-class-12-continuity-and-differentiability-questions-part-2-questions/","timestamp":"2022-05-12T00:13:26.843Z"}
{"level":"warn","message":"Found problem in URL SKIPPING https://examsnet.com/test/jee-mains-math-class-12-application-of-derivatives-questions-part-2-questions/","timestamp":"2022-05-12T00:13:26.843Z"}
{"level":"warn","message":"Found problem in URL SKIPPING https://examsnet.com/test/jee-mains-math-class-12-integrals-questions-part-2-questions/","timestamp":"2022-05-12T00:13:26.843Z"}
{"level":"warn","message":"Found problem in URL SKIPPING https://examsnet.com/test/jee-mains-math-class-12-differential-equations-questions/","timestamp":"2022-05-12T00:13:26.844Z"}
{"level":"warn","message":"Found problem in URL SKIPPING https://examsnet.com/test/jee-mains-math-class-12-vector-algebra-questions-part-2-questions/","timestamp":"2022-05-12T00:13:26.844Z"}
{"level":"warn","message":"Found problem in URL SKIPPING https://examsnet.com/test/jee-mains-math-class-12-three-dimensional-geometry-questions-part-2-questions/","timestamp":"2022-05-12T00:13:26.844Z"}
{"level":"warn","message":"Found problem in URL SKIPPING https://examsnet.com/test/physical-world-and-measurements/","timestamp":"2022-05-12T00:15:15.105Z"}
{"level":"warn","message":"Found problem in URL SKIPPING https://examsnet.com/test/physical-world-and-measurements/","timestamp":"2022-05-12T00:21:48.028Z"}
{"level":"warn","message":"Found problem in URL SKIPPING https://examsnet.com/test/physical-world-and-measurements/","timestamp":"2022-05-12T02:23:54.573Z"}
{"level":"warn","message":"Found problem in URL SKIPPING https://examsnet.com/test/physical-world-and-measurements/","timestamp":"2022-05-12T02:24:48.440Z"}
{"level":"warn","message":"Found problem in URL SKIPPING https://examsnet.com/test/physical-world-and-measurements/","timestamp":"2022-05-12T02:30:13.704Z"}
{"level":"warn","message":"Found problem in URL SKIPPING https://examsnet.com/test/physical-world-and-measurements/","timestamp":"2022-05-12T02:35:15.876Z"}
{"level":"warn","message":"Found problem in URL SKIPPING https://examsnet.com/test/physical-world-and-measurements/","timestamp":"2022-05-12T02:36:49.108Z"}
{"level":"warn","message":"Found problem in URL SKIPPING https://examsnet.com/test/physical-world-and-measurements/","timestamp":"2022-05-12T02:40:41.913Z"}
{"level":"warn","message":"Found problem in URL SKIPPING https://examsnet.com/test/physical-world-and-measurements/","timestamp":"2022-05-12T03:14:16.667Z"}
